{
  "RSpec": {
    "coverage": {
      "/home/insignia/apps/insignia/todolist/config/environment.rb": [
        null,
        1,
        null,
        null,
        1
      ],
      "/home/insignia/apps/insignia/todolist/config/application.rb": [
        1,
        null,
        null,
        1,
        1,
        1,
        1,
        null,
        null,
        null,
        null,
        1,
        null,
        1,
        1,
        null,
        null,
        null,
        null,
        null,
        null,
        null,
        null,
        null,
        null,
        null,
        null,
        null
      ],
      "/home/insignia/apps/insignia/todolist/config/boot.rb": [
        null,
        1,
        null,
        1
      ],
      "/home/insignia/apps/insignia/todolist/config/environments/test.rb": [
        1,
        null,
        null,
        null,
        null,
        null,
        null,
        1,
        null,
        null,
        null,
        null,
        1,
        null,
        null,
        1,
        1,
        null,
        null,
        1,
        1,
        null,
        null,
        1,
        null,
        null,
        1,
        null,
        null,
        null,
        null,
        1,
        null,
        null,
        1,
        null
      ],
      "/home/insignia/apps/insignia/todolist/config/initializers/backtrace_silencers.rb": [
        null,
        null,
        null,
        null,
        null,
        null,
        null
      ],
      "/home/insignia/apps/insignia/todolist/config/initializers/filter_parameter_logging.rb": [
        null,
        null,
        null,
        1
      ],
      "/home/insignia/apps/insignia/todolist/config/initializers/inflections.rb": [
        null,
        null,
        null,
        null,
        null,
        null,
        null,
        null,
        null,
        null,
        null,
        null,
        null,
        null,
        null,
        null
      ],
      "/home/insignia/apps/insignia/todolist/config/initializers/mime_types.rb": [
        null,
        null,
        null,
        null,
        null
      ],
      "/home/insignia/apps/insignia/todolist/config/initializers/secret_token.rb": [
        null,
        null,
        null,
        null,
        null,
        null,
        null,
        null,
        null,
        null,
        null,
        1
      ],
      "/home/insignia/apps/insignia/todolist/config/initializers/session_store.rb": [
        null,
        null,
        1
      ],
      "/home/insignia/apps/insignia/todolist/config/initializers/wrap_parameters.rb": [
        null,
        null,
        null,
        null,
        null,
        null,
        1,
        1,
        null,
        null,
        null,
        null,
        null,
        null
      ],
      "/home/insignia/apps/insignia/todolist/spec/factories/factories.rb": [
        null,
        1,
        null,
        1,
        26,
        1,
        null,
        1,
        1,
        0,
        null,
        null,
        null,
        null,
        1,
        1,
        null,
        22,
        22,
        1,
        1,
        null,
        1,
        1,
        1,
        null,
        null,
        1,
        1,
        1,
        null,
        null,
        null
      ],
      "/home/insignia/apps/insignia/todolist/config/routes.rb": [
        1,
        null,
        1,
        null,
        1,
        1,
        null,
        null
      ],
      "/home/insignia/apps/insignia/todolist/app/helpers/application_helper.rb": [
        1,
        null
      ],
      "/home/insignia/apps/insignia/todolist/app/models/project.rb": [
        1,
        null,
        1,
        null,
        1,
        null,
        null
      ],
      "/home/insignia/apps/insignia/todolist/spec/models/task_spec.rb": [
        1,
        null,
        1,
        null,
        1,
        21,
        null,
        null,
        1,
        2,
        2,
        2,
        2,
        2,
        2,
        2,
        2,
        2,
        2,
        2,
        null,
        null,
        1,
        2,
        null,
        null,
        1,
        2,
        2,
        2,
        1,
        1,
        null,
        null,
        2,
        1,
        1,
        null,
        null,
        2,
        null,
        null,
        2,
        1,
        1,
        null,
        null,
        null,
        null
      ],
      "/home/insignia/apps/insignia/todolist/app/models/task.rb": [
        1,
        null,
        1,
        1,
        1,
        null,
        1,
        1,
        null,
        1,
        null,
        1,
        1,
        1,
        1,
        null,
        1,
        1,
        1,
        1,
        null,
        null
      ]
    },
    "timestamp": 1382462999
  },
  "Cucumber Features": {
    "coverage": {
      "/home/insignia/apps/insignia/todolist/config/environment.rb": [
        null,
        1,
        null,
        null,
        1
      ],
      "/home/insignia/apps/insignia/todolist/config/application.rb": [
        1,
        null,
        null,
        1,
        1,
        1,
        1,
        null,
        null,
        null,
        null,
        1,
        null,
        1,
        1,
        null,
        null,
        null,
        null,
        null,
        null,
        null,
        null,
        null,
        null,
        null,
        null,
        null
      ],
      "/home/insignia/apps/insignia/todolist/config/boot.rb": [
        null,
        1,
        null,
        1
      ],
      "/home/insignia/apps/insignia/todolist/config/environments/test.rb": [
        1,
        null,
        null,
        null,
        null,
        null,
        null,
        1,
        null,
        null,
        null,
        null,
        1,
        null,
        null,
        1,
        1,
        null,
        null,
        1,
        1,
        null,
        null,
        1,
        null,
        null,
        1,
        null,
        null,
        null,
        null,
        1,
        null,
        null,
        1,
        null
      ],
      "/home/insignia/apps/insignia/todolist/config/initializers/backtrace_silencers.rb": [
        null,
        null,
        null,
        null,
        null,
        null,
        null
      ],
      "/home/insignia/apps/insignia/todolist/config/initializers/filter_parameter_logging.rb": [
        null,
        null,
        null,
        1
      ],
      "/home/insignia/apps/insignia/todolist/config/initializers/inflections.rb": [
        null,
        null,
        null,
        null,
        null,
        null,
        null,
        null,
        null,
        null,
        null,
        null,
        null,
        null,
        null,
        null
      ],
      "/home/insignia/apps/insignia/todolist/config/initializers/mime_types.rb": [
        null,
        null,
        null,
        null,
        null
      ],
      "/home/insignia/apps/insignia/todolist/config/initializers/secret_token.rb": [
        null,
        null,
        null,
        null,
        null,
        null,
        null,
        null,
        null,
        null,
        null,
        1
      ],
      "/home/insignia/apps/insignia/todolist/config/initializers/session_store.rb": [
        null,
        null,
        1
      ],
      "/home/insignia/apps/insignia/todolist/config/initializers/wrap_parameters.rb": [
        null,
        null,
        null,
        null,
        null,
        null,
        1,
        1,
        null,
        null,
        null,
        null,
        null,
        null
      ],
      "/home/insignia/apps/insignia/todolist/spec/factories/factories.rb": [
        null,
        1,
        null,
        1,
        1,
        1,
        null,
        1,
        1,
        0,
        null,
        null,
        null,
        null,
        1,
        1,
        null,
        1,
        1,
        1,
        1,
        null,
        1,
        1,
        1,
        null,
        null,
        1,
        1,
        1,
        null,
        null,
        null
      ],
      "/home/insignia/apps/insignia/todolist/config/routes.rb": [
        1,
        null,
        1,
        null,
        1,
        1,
        null,
        null
      ],
      "/home/insignia/apps/insignia/todolist/app/helpers/application_helper.rb": [
        1,
        null
      ],
      "/home/insignia/apps/insignia/todolist/app/controllers/home_controller.rb": [
        1,
        null,
        1,
        null,
        1,
        null,
        null
      ],
      "/home/insignia/apps/insignia/todolist/app/controllers/application_controller.rb": [
        1,
        null,
        null,
        1,
        null
      ],
      "/home/insignia/apps/insignia/todolist/app/models/task.rb": [
        1,
        null,
        1,
        1,
        1,
        null,
        1,
        1,
        null,
        1,
        null,
        1,
        1,
        1,
        1,
        null,
        1,
        1,
        1,
        1,
        null,
        null
      ]
    },
    "timestamp": 1382463277
  }
}
