{
  "RSpec": {
    "coverage": {
      "/home/insignia/apps/insignia/todolist/app/controllers/projects_controller.rb": [
        1,
        null,
        1,
        null,
        null,
        1,
        10,
        null,
        null
      ],
      "/home/insignia/apps/insignia/todolist/app/controllers/application_controller.rb": [
        1,
        null,
        null,
        1,
        null
      ],
      "/home/insignia/apps/insignia/todolist/spec/controllers/tasks_controller_spec.rb": [
        1,
        null,
        null,
        null,
        null,
        null,
        null,
        null,
        null,
        null,
        null,
        null,
        null,
        null,
        null,
        null,
        null,
        null,
        null,
        null,
        1,
        null,
        null,
        null,
        null,
        7,
        null,
        null,
        null,
        null,
        17,
        null,
        17,
        11,
        null,
        1,
        1,
        1,
        1,
        null,
        null,
        null,
        1,
        1,
        1,
        1,
        null,
        null,
        null,
        1,
        1,
        1,
        1,
        null,
        null,
        null,
        1,
        1,
        1,
        1,
        null,
        null,
        null,
        1,
        null,
        1,
        1,
        1,
        1,
        null,
        null,
        null,
        1,
        1,
        1,
        1,
        null,
        null,
        1,
        1,
        1,
        null,
        null,
        null,
        1,
        1,
        null,
        1,
        1,
        1,
        null,
        null,
        1,
        null,
        1,
        1,
        1,
        null,
        null,
        null,
        null,
        1,
        null,
        1,
        1,
        null,
        null,
        null,
        null,
        1,
        null,
        null,
        null,
        1,
        null,
        null,
        1,
        1,
        0,
        null,
        null,
        1,
        1,
        0,
        null,
        null,
        null,
        1,
        1,
        null,
        1,
        1,
        null,
        0,
        null,
        null,
        1,
        null,
        1,
        1,
        0,
        null,
        null,
        null,
        null,
        1,
        1,
        1,
        1,
        null,
        null,
        null,
        1,
        1,
        1,
        null,
        null,
        null,
        null
      ],
      "/home/insignia/apps/insignia/todolist/app/controllers/tasks_controller.rb": [
        1,
        null,
        1,
        null,
        1,
        10,
        null,
        null,
        1,
        5,
        null,
        null,
        1,
        0,
        null,
        null,
        1,
        null,
        null,
        1,
        10,
        null,
        null,
        null,
        null,
        null
      ],
      "/home/insignia/apps/insignia/todolist/app/models/task.rb": [
        1,
        null,
        1,
        1,
        1,
        1,
        1,
        1,
        null,
        1,
        1,
        null,
        1,
        1,
        1,
        1,
        1,
        1,
        1,
        1,
        1,
        null,
        1,
        42,
        null,
        null,
        null,
        null,
        null,
        42,
        null,
        null,
        1,
        1,
        null,
        null,
        1,
        null,
        1,
        34,
        1,
        null,
        null,
        null,
        1,
        34,
        1,
        null,
        null,
        null,
        1,
        34,
        2,
        null,
        null,
        null,
        1,
        34,
        1,
        null,
        null,
        null
      ],
      "/home/insignia/apps/insignia/todolist/spec/models/project_spec.rb": [
        1,
        null,
        1,
        null,
        1,
        4,
        null,
        null,
        1,
        null,
        1,
        1,
        1,
        null,
        null,
        1,
        1,
        null,
        null,
        1,
        1,
        1,
        null,
        null,
        1,
        1,
        null,
        1,
        1,
        null,
        null,
        null
      ],
      "/home/insignia/apps/insignia/todolist/spec/models/task_spec.rb": [
        1,
        null,
        1,
        null,
        1,
        21,
        null,
        null,
        1,
        1,
        1,
        1,
        null,
        null,
        1,
        1,
        1,
        1,
        null,
        null,
        1,
        1,
        1,
        null,
        null,
        1,
        1,
        1,
        1,
        null,
        null,
        1,
        1,
        1,
        null,
        null,
        1,
        1,
        1,
        1,
        null,
        null,
        1,
        1,
        2,
        null,
        null,
        1,
        1,
        null,
        null,
        1,
        1,
        1,
        null,
        null,
        null,
        1,
        1,
        1,
        1,
        1,
        null,
        null,
        1,
        1,
        1,
        1,
        null,
        null,
        null,
        1,
        1,
        2,
        null,
        null,
        1,
        1,
        1,
        1,
        null,
        null,
        1,
        1,
        1,
        1,
        null,
        null,
        null,
        1,
        1,
        4,
        null,
        null,
        1,
        1,
        1,
        null,
        null,
        1,
        1,
        1,
        1,
        null,
        null,
        1,
        1,
        1,
        1,
        null,
        null,
        1,
        1,
        1,
        1,
        1,
        null,
        null,
        null,
        1,
        1,
        null,
        null,
        null,
        1,
        null,
        1,
        1,
        null,
        null,
        1,
        1,
        null,
        null,
        1,
        1,
        null,
        null,
        1,
        1,
        null,
        null,
        null
      ],
      "/home/insignia/apps/insignia/todolist/spec/routing/projects_routing_spec.rb": [
        1,
        null,
        1,
        1,
        null,
        1,
        1,
        null,
        null,
        1,
        1,
        null,
        null,
        1,
        1,
        null,
        null,
        1,
        1,
        null,
        null,
        1,
        1,
        null,
        null,
        1,
        1,
        null,
        null,
        1,
        1,
        null,
        null,
        null,
        null
      ],
      "/home/insignia/apps/insignia/todolist/spec/routing/tasks_routing_spec.rb": [
        1,
        null,
        1,
        1,
        null,
        1,
        1,
        null,
        null,
        1,
        1,
        null,
        null,
        1,
        1,
        null,
        null,
        1,
        1,
        null,
        null,
        1,
        1,
        null,
        null,
        1,
        1,
        null,
        null,
        1,
        1,
        null,
        null,
        null,
        null
      ]
    },
    "timestamp": 1381933137
  }
}
